[debug] [2021-09-14T05:45:02.149Z] ----------------------------------------------------------------------
[debug] [2021-09-14T05:45:02.151Z] Command:       /Users/codyworsnop/.nvm/versions/node/v12.22.3/bin/node /Users/codyworsnop/.nvm/versions/node/v12.22.3/bin/firebase deploy --only functions
[debug] [2021-09-14T05:45:02.151Z] CLI Version:   9.17.0
[debug] [2021-09-14T05:45:02.151Z] Platform:      darwin
[debug] [2021-09-14T05:45:02.151Z] Node Version:  v12.22.3
[debug] [2021-09-14T05:45:02.158Z] Time:          Mon Sep 13 2021 22:45:02 GMT-0700 (Pacific Daylight Time)
[debug] [2021-09-14T05:45:02.158Z] ----------------------------------------------------------------------
[debug] 
[debug] [2021-09-14T05:45:02.197Z] > command requires scopes: ["email","openid","https://www.googleapis.com/auth/cloudplatformprojects.readonly","https://www.googleapis.com/auth/firebase","https://www.googleapis.com/auth/cloud-platform"]
[debug] [2021-09-14T05:45:02.198Z] > authorizing via signed-in user (cody@worsnop.com)
[debug] [2021-09-14T05:45:02.198Z] [iam] checking project paraglidingweatherreno for permissions ["cloudfunctions.functions.create","cloudfunctions.functions.delete","cloudfunctions.functions.get","cloudfunctions.functions.list","cloudfunctions.functions.update","cloudfunctions.operations.get","firebase.projects.get"]
[debug] [2021-09-14T05:45:02.201Z] > refreshing access token with scopes: ["email","https://www.googleapis.com/auth/cloud-platform","https://www.googleapis.com/auth/cloudplatformprojects.readonly","https://www.googleapis.com/auth/firebase","openid"]
[debug] [2021-09-14T05:45:02.201Z] >>> HTTP REQUEST POST https://www.googleapis.com/oauth2/v3/token  
 <request body omitted>
[debug] [2021-09-14T05:45:02.454Z] <<< HTTP RESPONSE 200 {"date":"Tue, 14 Sep 2021 05:45:02 GMT","cache-control":"no-cache, no-store, max-age=0, must-revalidate","expires":"Mon, 01 Jan 1990 00:00:00 GMT","pragma":"no-cache","content-type":"application/json; charset=utf-8","vary":"X-Origin, Referer, Origin,Accept-Encoding","server":"scaffolding on HTTPServer2","x-xss-protection":"0","x-frame-options":"SAMEORIGIN","x-content-type-options":"nosniff","alt-svc":"h3=\":443\"; ma=2592000,h3-29=\":443\"; ma=2592000,h3-T051=\":443\"; ma=2592000,h3-Q050=\":443\"; ma=2592000,h3-Q046=\":443\"; ma=2592000,h3-Q043=\":443\"; ma=2592000,quic=\":443\"; ma=2592000; v=\"46,43\"","accept-ranges":"none","transfer-encoding":"chunked"}
[debug] [2021-09-14T05:45:02.498Z] >>> HTTP REQUEST POST https://cloudresourcemanager.googleapis.com/v1/projects/paraglidingweatherreno:testIamPermissions  
 {"permissions":["cloudfunctions.functions.create","cloudfunctions.functions.delete","cloudfunctions.functions.get","cloudfunctions.functions.list","cloudfunctions.functions.update","cloudfunctions.operations.get","firebase.projects.get"]}
[debug] [2021-09-14T05:45:02.770Z] <<< HTTP RESPONSE 200 {"content-type":"application/json; charset=UTF-8","vary":"X-Origin, Referer, Origin,Accept-Encoding","date":"Tue, 14 Sep 2021 05:45:02 GMT","server":"ESF","cache-control":"private","x-xss-protection":"0","x-frame-options":"SAMEORIGIN","x-content-type-options":"nosniff","server-timing":"gfet4t7; dur=79","alt-svc":"h3=\":443\"; ma=2592000,h3-29=\":443\"; ma=2592000,h3-T051=\":443\"; ma=2592000,h3-Q050=\":443\"; ma=2592000,h3-Q046=\":443\"; ma=2592000,h3-Q043=\":443\"; ma=2592000,quic=\":443\"; ma=2592000; v=\"46,43\"","accept-ranges":"none","transfer-encoding":"chunked"}
[debug] [2021-09-14T05:45:02.770Z] >>> HTTP REQUEST POST https://iam.googleapis.com/v1/projects/paraglidingweatherreno/serviceAccounts/paraglidingweatherreno@appspot.gserviceaccount.com:testIamPermissions  
 {"permissions":["iam.serviceAccounts.actAs"]}
[debug] [2021-09-14T05:45:03.112Z] <<< HTTP RESPONSE 200 {"content-type":"application/json; charset=UTF-8","vary":"X-Origin, Referer, Origin,Accept-Encoding","date":"Tue, 14 Sep 2021 05:45:03 GMT","server":"ESF","cache-control":"private","x-xss-protection":"0","x-frame-options":"SAMEORIGIN","x-content-type-options":"nosniff","alt-svc":"h3=\":443\"; ma=2592000,h3-29=\":443\"; ma=2592000,h3-T051=\":443\"; ma=2592000,h3-Q050=\":443\"; ma=2592000,h3-Q046=\":443\"; ma=2592000,h3-Q043=\":443\"; ma=2592000,quic=\":443\"; ma=2592000; v=\"46,43\"","accept-ranges":"none","transfer-encoding":"chunked"}
[info] 
[info] === Deploying to 'paraglidingweatherreno'...
[info] 
[info] i  deploying functions 
[debug] [2021-09-14T05:45:03.116Z] Validating nodejs source
[debug] [2021-09-14T05:45:04.893Z] > [functions] package.json contents: {
  "name": "functions",
  "description": "Cloud Functions for Firebase",
  "scripts": {
    "lint": "eslint .",
    "serve": "firebase emulators:start --only functions",
    "shell": "firebase functions:shell",
    "start": "npm run shell",
    "deploy": "firebase deploy --only functions",
    "logs": "firebase functions:log"
  },
  "engines": {
    "node": "14"
  },
  "main": "index.js",
  "dependencies": {
    "cheerio": "^1.0.0-rc.10",
    "cors": "^2.8.5",
    "firebase-admin": "^9.8.0",
    "firebase-functions": "^3.14.1",
    "node-fetch": "^2.6.2",
    "puppeteer": "^10.2.0"
  },
  "devDependencies": {
    "eslint": "^7.6.0",
    "eslint-config-google": "^0.14.0",
    "firebase-functions-test": "^0.2.0"
  },
  "private": true
}
[debug] [2021-09-14T05:45:04.894Z] Building nodejs source
[info] i  functions: ensuring required API cloudfunctions.googleapis.com is enabled... 
[info] i  functions: ensuring required API cloudbuild.googleapis.com is enabled... 
[debug] [2021-09-14T05:45:04.895Z] >>> HTTP REQUEST GET https://serviceusage.googleapis.com/v1/projects/paraglidingweatherreno/services/cloudfunctions.googleapis.com  
 
[debug] [2021-09-14T05:45:04.896Z] >>> HTTP REQUEST GET https://serviceusage.googleapis.com/v1/projects/paraglidingweatherreno/services/runtimeconfig.googleapis.com  
 
[debug] [2021-09-14T05:45:04.896Z] >>> HTTP REQUEST GET https://serviceusage.googleapis.com/v1/projects/paraglidingweatherreno/services/cloudbuild.googleapis.com  
 
[debug] [2021-09-14T05:45:05.603Z] <<< HTTP RESPONSE 200 {"content-type":"application/json; charset=UTF-8","vary":"X-Origin, Referer, Origin,Accept-Encoding","date":"Tue, 14 Sep 2021 05:45:05 GMT","server":"ESF","cache-control":"private","x-xss-protection":"0","x-frame-options":"SAMEORIGIN","x-content-type-options":"nosniff","alt-svc":"h3=\":443\"; ma=2592000,h3-29=\":443\"; ma=2592000,h3-T051=\":443\"; ma=2592000,h3-Q050=\":443\"; ma=2592000,h3-Q046=\":443\"; ma=2592000,h3-Q043=\":443\"; ma=2592000,quic=\":443\"; ma=2592000; v=\"46,43\"","accept-ranges":"none","transfer-encoding":"chunked"}
[debug] [2021-09-14T05:45:05.697Z] <<< HTTP RESPONSE 200 {"content-type":"application/json; charset=UTF-8","vary":"X-Origin, Referer, Origin,Accept-Encoding","date":"Tue, 14 Sep 2021 05:45:05 GMT","server":"ESF","cache-control":"private","x-xss-protection":"0","x-frame-options":"SAMEORIGIN","x-content-type-options":"nosniff","alt-svc":"h3=\":443\"; ma=2592000,h3-29=\":443\"; ma=2592000,h3-T051=\":443\"; ma=2592000,h3-Q050=\":443\"; ma=2592000,h3-Q046=\":443\"; ma=2592000,h3-Q043=\":443\"; ma=2592000,quic=\":443\"; ma=2592000; v=\"46,43\"","accept-ranges":"none","transfer-encoding":"chunked"}
[info] ✔  functions: required API cloudbuild.googleapis.com is enabled 
[debug] [2021-09-14T05:45:05.746Z] <<< HTTP RESPONSE 200 {"content-type":"application/json; charset=UTF-8","vary":"X-Origin, Referer, Origin,Accept-Encoding","date":"Tue, 14 Sep 2021 05:45:05 GMT","server":"ESF","cache-control":"private","x-xss-protection":"0","x-frame-options":"SAMEORIGIN","x-content-type-options":"nosniff","alt-svc":"h3=\":443\"; ma=2592000,h3-29=\":443\"; ma=2592000,h3-T051=\":443\"; ma=2592000,h3-Q050=\":443\"; ma=2592000,h3-Q046=\":443\"; ma=2592000,h3-Q043=\":443\"; ma=2592000,quic=\":443\"; ma=2592000; v=\"46,43\"","accept-ranges":"none","transfer-encoding":"chunked"}
[info] ✔  functions: required API cloudfunctions.googleapis.com is enabled 
[debug] [2021-09-14T05:45:05.747Z] >>> HTTP REQUEST GET https://firebase.googleapis.com/v1beta1/projects/paraglidingweatherreno/adminSdkConfig  
 
[debug] [2021-09-14T05:45:06.022Z] <<< HTTP RESPONSE 200 {"content-type":"application/json; charset=UTF-8","vary":"X-Origin, Referer, Origin,Accept-Encoding","date":"Tue, 14 Sep 2021 05:45:06 GMT","server":"ESF","cache-control":"private","x-xss-protection":"0","x-frame-options":"SAMEORIGIN","x-content-type-options":"nosniff","alt-svc":"h3=\":443\"; ma=2592000,h3-29=\":443\"; ma=2592000,h3-T051=\":443\"; ma=2592000,h3-Q050=\":443\"; ma=2592000,h3-Q046=\":443\"; ma=2592000,h3-Q043=\":443\"; ma=2592000,quic=\":443\"; ma=2592000; v=\"46,43\"","accept-ranges":"none","transfer-encoding":"chunked"}
[debug] [2021-09-14T05:45:06.023Z] >>> HTTP REQUEST GET https://runtimeconfig.googleapis.com/v1beta1/projects/paraglidingweatherreno/configs  
 
[debug] [2021-09-14T05:45:06.329Z] <<< HTTP RESPONSE 200 {"content-type":"application/json; charset=UTF-8","vary":"X-Origin, Referer, Origin,Accept-Encoding","date":"Tue, 14 Sep 2021 05:45:06 GMT","server":"ESF","cache-control":"private","x-xss-protection":"0","x-frame-options":"SAMEORIGIN","x-content-type-options":"nosniff","alt-svc":"h3=\":443\"; ma=2592000,h3-29=\":443\"; ma=2592000,h3-T051=\":443\"; ma=2592000,h3-Q050=\":443\"; ma=2592000,h3-Q046=\":443\"; ma=2592000,h3-Q043=\":443\"; ma=2592000,quic=\":443\"; ma=2592000; v=\"46,43\"","accept-ranges":"none","transfer-encoding":"chunked"}
[debug] [2021-09-14T05:45:06.330Z] Analyzing nodejs backend spec
[info] i  functions: preparing functions directory for uploading... 
[info] i  functions: packaged functions (40.32 KB) for uploading 
[debug] [2021-09-14T05:45:06.662Z] >>> HTTP REQUEST GET https://cloudfunctions.googleapis.com/v1/projects/paraglidingweatherreno/locations/-/functions  
 
[debug] [2021-09-14T05:45:07.280Z] <<< HTTP RESPONSE 200 {"content-type":"application/json; charset=UTF-8","vary":"X-Origin, Referer, Origin,Accept-Encoding","date":"Tue, 14 Sep 2021 05:45:07 GMT","server":"ESF","cache-control":"private","x-xss-protection":"0","x-frame-options":"SAMEORIGIN","x-content-type-options":"nosniff","alt-svc":"h3=\":443\"; ma=2592000,h3-29=\":443\"; ma=2592000,h3-T051=\":443\"; ma=2592000,h3-Q050=\":443\"; ma=2592000,h3-Q046=\":443\"; ma=2592000,h3-Q043=\":443\"; ma=2592000,quic=\":443\"; ma=2592000; v=\"46,43\"","accept-ranges":"none","transfer-encoding":"chunked"}
[debug] [2021-09-14T05:45:07.282Z] [functions] found 1 new HTTP functions, testing setIamPolicy permission...
[debug] [2021-09-14T05:45:07.283Z] >>> HTTP REQUEST POST https://cloudresourcemanager.googleapis.com/v1/projects/paraglidingweatherreno:testIamPermissions  
 {"permissions":["cloudfunctions.functions.setIamPolicy"]}
[debug] [2021-09-14T05:45:07.528Z] <<< HTTP RESPONSE 200 {"content-type":"application/json; charset=UTF-8","vary":"X-Origin, Referer, Origin,Accept-Encoding","date":"Tue, 14 Sep 2021 05:45:07 GMT","server":"ESF","cache-control":"private","x-xss-protection":"0","x-frame-options":"SAMEORIGIN","x-content-type-options":"nosniff","server-timing":"gfet4t7; dur=90","alt-svc":"h3=\":443\"; ma=2592000,h3-29=\":443\"; ma=2592000,h3-T051=\":443\"; ma=2592000,h3-Q050=\":443\"; ma=2592000,h3-Q046=\":443\"; ma=2592000,h3-Q043=\":443\"; ma=2592000,quic=\":443\"; ma=2592000; v=\"46,43\"","accept-ranges":"none","transfer-encoding":"chunked"}
[debug] [2021-09-14T05:45:07.528Z] [functions] found setIamPolicy permission, proceeding with deploy
[debug] [2021-09-14T05:45:07.529Z] >>> HTTP REQUEST POST https://cloudfunctions.googleapis.com/v1/projects/paraglidingweatherreno/locations/us-central1/functions:generateUploadUrl  
 
[debug] [2021-09-14T05:45:08.262Z] <<< HTTP RESPONSE 200 {"content-type":"application/json; charset=UTF-8","vary":"X-Origin, Referer, Origin,Accept-Encoding","date":"Tue, 14 Sep 2021 05:45:08 GMT","server":"ESF","cache-control":"private","x-xss-protection":"0","x-frame-options":"SAMEORIGIN","x-content-type-options":"nosniff","alt-svc":"h3=\":443\"; ma=2592000,h3-29=\":443\"; ma=2592000,h3-T051=\":443\"; ma=2592000,h3-Q050=\":443\"; ma=2592000,h3-Q046=\":443\"; ma=2592000,h3-Q043=\":443\"; ma=2592000,quic=\":443\"; ma=2592000; v=\"46,43\"","accept-ranges":"none","transfer-encoding":"chunked"}
[debug] [2021-09-14T05:45:08.264Z] >>> HTTP REQUEST PUT https://storage.googleapis.com/gcf-upload-us-central1-e7a0fe90-730c-4f31-9a3a-800ddcb46684/cf119292-ca78-4111-9bd7-b4c4b2b9c173.zip?GoogleAccessId=service-980837173884@gcf-admin-robot.iam.gserviceaccount.com&Expires=1631600108&Signature=BLr%2FyS6ok3bbJzff68UhTmn7YnhXc1HFtp91RUwOJzhgmxUN57XVAG9B8gqGFYxBrilrOuotkgaPOqHCv5qh2qqyMkIGgHPYXbrLF6H1KS4hmkz1NolwuzV4SnVi3DYHdujV1ye%2FAZ7AHP0u2Gxp6cLZpvQNACE688dgRBAZf5QmCkRKcUnvAC8hzTUtH9JMjTBpQtny81zaO19bKWgxJtrrmJQjJY%2FFHs%2BFA234KVLxktsx7GVRyyNqQ1qfBDgfaxcVj5Bsyt4BsbINtXdyqReSBYRINPOspGta25Y3JneVmpF2hsuxMu6ak4cG9%2FTM3GU10QyxZs%2B97tQ2IWGORg%3D%3D  
 <request body omitted>
[debug] [2021-09-14T05:45:08.669Z] <<< HTTP RESPONSE 200 {"x-guploader-uploadid":"ADPycdtYlJpj03lXUx_2YSPva9FlM244PgdwIZJ7dhrWF80wMVCkz4rDZwMqb_uZtCQCL3DyxCss7Db_DjoO-Uhmj6U","etag":"\"8461e186dabb769d6b042edb1a3a8bd8\"","x-goog-generation":"1631598308715278","x-goog-metageneration":"1","x-goog-hash":"crc32c=aXETIA==, md5=hGHhhtq7dp1rBC7bGjqL2A==","x-goog-stored-content-length":"41291","x-goog-stored-content-encoding":"identity","vary":"Origin","content-length":"0","date":"Tue, 14 Sep 2021 05:45:08 GMT","server":"UploadServer","content-type":"text/html; charset=UTF-8","alt-svc":"h3=\":443\"; ma=2592000,h3-29=\":443\"; ma=2592000,h3-T051=\":443\"; ma=2592000,h3-Q050=\":443\"; ma=2592000,h3-Q046=\":443\"; ma=2592000,h3-Q043=\":443\"; ma=2592000,quic=\":443\"; ma=2592000; v=\"46,43\""}
[info] ✔  functions: functions folder uploaded successfully 
[info] 
The following functions are found in your project but do not exist in your local source code:
	scrapePreformattedText(us-central1)
	scrapeSoundings(us-central1)
	scrapeTable(us-central1)

If you are renaming a function or changing its region, it is recommended that you create the new function first before deleting the old one to prevent event loss. For more info, visit https://firebase.google.com/docs/functions/manage-functions#modify

[info] i  functions: creating Node.js 14 function collectSource(us-central1)... 
[debug] [2021-09-14T05:45:47.029Z] >>> HTTP REQUEST POST https://cloudfunctions.googleapis.com/v1/projects/paraglidingweatherreno/locations/us-central1/functions  
 {"name":"projects/paraglidingweatherreno/locations/us-central1/functions/collectSource","sourceUploadUrl":"https://storage.googleapis.com/gcf-upload-us-central1-e7a0fe90-730c-4f31-9a3a-800ddcb46684/cf119292-ca78-4111-9bd7-b4c4b2b9c173.zip?GoogleAccessId=service-980837173884@gcf-admin-robot.iam.gserviceaccount.com&Expires=1631600108&Signature=BLr%2FyS6ok3bbJzff68UhTmn7YnhXc1HFtp91RUwOJzhgmxUN57XVAG9B8gqGFYxBrilrOuotkgaPOqHCv5qh2qqyMkIGgHPYXbrLF6H1KS4hmkz1NolwuzV4SnVi3DYHdujV1ye%2FAZ7AHP0u2Gxp6cLZpvQNACE688dgRBAZf5QmCkRKcUnvAC8hzTUtH9JMjTBpQtny81zaO19bKWgxJtrrmJQjJY%2FFHs%2BFA234KVLxktsx7GVRyyNqQ1qfBDgfaxcVj5Bsyt4BsbINtXdyqReSBYRINPOspGta25Y3JneVmpF2hsuxMu6ak4cG9%2FTM3GU10QyxZs%2B97tQ2IWGORg%3D%3D","entryPoint":"collectSource","runtime":"nodejs14","httpsTrigger":{"securityLevel":"SECURE_OPTIONAL"},"labels":{"deployment-tool":"cli-firebase"},"environmentVariables":{"FIREBASE_CONFIG":"{\"projectId\":\"paraglidingweatherreno\",\"storageBucket\":\"paraglidingweatherreno.appspot.com\",\"locationId\":\"us-central\"}","GCLOUD_PROJECT":"paraglidingweatherreno"}}
[debug] [2021-09-14T05:45:47.625Z] <<< HTTP RESPONSE 200 {"content-type":"application/json; charset=UTF-8","vary":"X-Origin, Referer, Origin,Accept-Encoding","date":"Tue, 14 Sep 2021 05:45:47 GMT","server":"ESF","cache-control":"private","x-xss-protection":"0","x-frame-options":"SAMEORIGIN","x-content-type-options":"nosniff","alt-svc":"h3=\":443\"; ma=2592000,h3-29=\":443\"; ma=2592000,h3-T051=\":443\"; ma=2592000,h3-Q050=\":443\"; ma=2592000,h3-Q046=\":443\"; ma=2592000,h3-Q043=\":443\"; ma=2592000,quic=\":443\"; ma=2592000; v=\"46,43\"","accept-ranges":"none","transfer-encoding":"chunked"}
[debug] [2021-09-14T05:45:47.627Z] > refreshing access token with scopes: []
[debug] [2021-09-14T05:45:47.627Z] >>> HTTP REQUEST POST https://www.googleapis.com/oauth2/v3/token  
 <request body omitted>
[debug] [2021-09-14T05:45:47.825Z] <<< HTTP RESPONSE 200 {"pragma":"no-cache","cache-control":"no-cache, no-store, max-age=0, must-revalidate","expires":"Mon, 01 Jan 1990 00:00:00 GMT","date":"Tue, 14 Sep 2021 05:45:47 GMT","content-type":"application/json; charset=utf-8","vary":"X-Origin, Referer, Origin,Accept-Encoding","server":"scaffolding on HTTPServer2","x-xss-protection":"0","x-frame-options":"SAMEORIGIN","x-content-type-options":"nosniff","alt-svc":"h3=\":443\"; ma=2592000,h3-29=\":443\"; ma=2592000,h3-T051=\":443\"; ma=2592000,h3-Q050=\":443\"; ma=2592000,h3-Q046=\":443\"; ma=2592000,h3-Q043=\":443\"; ma=2592000,quic=\":443\"; ma=2592000; v=\"46,43\"","accept-ranges":"none","transfer-encoding":"chunked"}
[debug] [2021-09-14T05:45:47.877Z] >>> [apiv2][query] GET https://cloudfunctions.googleapis.com/v1/operations/cGFyYWdsaWRpbmd3ZWF0aGVycmVuby91cy1jZW50cmFsMS9jb2xsZWN0U291cmNlL24yQ0ZLVS1wa1FF [none]
[debug] [2021-09-14T05:45:48.135Z] <<< [apiv2][status] GET https://cloudfunctions.googleapis.com/v1/operations/cGFyYWdsaWRpbmd3ZWF0aGVycmVuby91cy1jZW50cmFsMS9jb2xsZWN0U291cmNlL24yQ0ZLVS1wa1FF 200
[debug] [2021-09-14T05:45:48.135Z] <<< [apiv2][body] GET https://cloudfunctions.googleapis.com/v1/operations/cGFyYWdsaWRpbmd3ZWF0aGVycmVuby91cy1jZW50cmFsMS9jb2xsZWN0U291cmNlL24yQ0ZLVS1wa1FF {"name":"operations/cGFyYWdsaWRpbmd3ZWF0aGVycmVuby91cy1jZW50cmFsMS9jb2xsZWN0U291cmNlL24yQ0ZLVS1wa1FF","metadata":{"@type":"type.googleapis.com/google.cloud.functions.v1.OperationMetadataV1","target":"projects/paraglidingweatherreno/locations/us-central1/functions/collectSource","type":"CREATE_FUNCTION","request":{"@type":"type.googleapis.com/google.cloud.functions.v1.CloudFunction","name":"projects/paraglidingweatherreno/locations/us-central1/functions/collectSource","httpsTrigger":{"securityLevel":"SECURE_OPTIONAL"},"entryPoint":"collectSource","labels":{"deployment-tool":"cli-firebase"},"sourceUploadUrl":"https://storage.googleapis.com/gcf-upload-us-central1-e7a0fe90-730c-4f31-9a3a-800ddcb46684/cf119292-ca78-4111-9bd7-b4c4b2b9c173.zip?GoogleAccessId=service-980837173884@gcf-admin-robot.iam.gserviceaccount.com&Expires=1631600108&Signature=BLr%2FyS6ok3bbJzff68UhTmn7YnhXc1HFtp91RUwOJzhgmxUN57XVAG9B8gqGFYxBrilrOuotkgaPOqHCv5qh2qqyMkIGgHPYXbrLF6H1KS4hmkz1NolwuzV4SnVi3DYHdujV1ye%2FAZ7AHP0u2Gxp6cLZpvQNACE688dgRBAZf5QmCkRKcUnvAC8hzTUtH9JMjTBpQtny81zaO19bKWgxJtrrmJQjJY%2FFHs%2BFA234KVLxktsx7GVRyyNqQ1qfBDgfaxcVj5Bsyt4BsbINtXdyqReSBYRINPOspGta25Y3JneVmpF2hsuxMu6ak4cG9%2FTM3GU10QyxZs%2B97tQ2IWGORg%3D%3D","environmentVariables":{"FIREBASE_CONFIG":"{\"projectId\":\"paraglidingweatherreno\",\"storageBucket\":\"paraglidingweatherreno.appspot.com\",\"locationId\":\"us-central\"}","GCLOUD_PROJECT":"paraglidingweatherreno"},"runtime":"nodejs14"},"versionId":"1","updateTime":"2021-09-14T05:45:47Z"}}
[debug] [2021-09-14T05:45:48.641Z] [create-projects/paraglidingweatherreno/locations/us-central1/functions/collectSource] Retrying task index 0
[debug] [2021-09-14T05:45:48.642Z] >>> [apiv2][query] GET https://cloudfunctions.googleapis.com/v1/operations/cGFyYWdsaWRpbmd3ZWF0aGVycmVuby91cy1jZW50cmFsMS9jb2xsZWN0U291cmNlL24yQ0ZLVS1wa1FF [none]
[debug] [2021-09-14T05:45:48.926Z] <<< [apiv2][status] GET https://cloudfunctions.googleapis.com/v1/operations/cGFyYWdsaWRpbmd3ZWF0aGVycmVuby91cy1jZW50cmFsMS9jb2xsZWN0U291cmNlL24yQ0ZLVS1wa1FF 200
[debug] [2021-09-14T05:45:48.926Z] <<< [apiv2][body] GET https://cloudfunctions.googleapis.com/v1/operations/cGFyYWdsaWRpbmd3ZWF0aGVycmVuby91cy1jZW50cmFsMS9jb2xsZWN0U291cmNlL24yQ0ZLVS1wa1FF {"name":"operations/cGFyYWdsaWRpbmd3ZWF0aGVycmVuby91cy1jZW50cmFsMS9jb2xsZWN0U291cmNlL24yQ0ZLVS1wa1FF","metadata":{"@type":"type.googleapis.com/google.cloud.functions.v1.OperationMetadataV1","target":"projects/paraglidingweatherreno/locations/us-central1/functions/collectSource","type":"CREATE_FUNCTION","request":{"@type":"type.googleapis.com/google.cloud.functions.v1.CloudFunction","name":"projects/paraglidingweatherreno/locations/us-central1/functions/collectSource","httpsTrigger":{"securityLevel":"SECURE_OPTIONAL"},"entryPoint":"collectSource","labels":{"deployment-tool":"cli-firebase"},"sourceUploadUrl":"https://storage.googleapis.com/gcf-upload-us-central1-e7a0fe90-730c-4f31-9a3a-800ddcb46684/cf119292-ca78-4111-9bd7-b4c4b2b9c173.zip?GoogleAccessId=service-980837173884@gcf-admin-robot.iam.gserviceaccount.com&Expires=1631600108&Signature=BLr%2FyS6ok3bbJzff68UhTmn7YnhXc1HFtp91RUwOJzhgmxUN57XVAG9B8gqGFYxBrilrOuotkgaPOqHCv5qh2qqyMkIGgHPYXbrLF6H1KS4hmkz1NolwuzV4SnVi3DYHdujV1ye%2FAZ7AHP0u2Gxp6cLZpvQNACE688dgRBAZf5QmCkRKcUnvAC8hzTUtH9JMjTBpQtny81zaO19bKWgxJtrrmJQjJY%2FFHs%2BFA234KVLxktsx7GVRyyNqQ1qfBDgfaxcVj5Bsyt4BsbINtXdyqReSBYRINPOspGta25Y3JneVmpF2hsuxMu6ak4cG9%2FTM3GU10QyxZs%2B97tQ2IWGORg%3D%3D","environmentVariables":{"FIREBASE_CONFIG":"{\"projectId\":\"paraglidingweatherreno\",\"storageBucket\":\"paraglidingweatherreno.appspot.com\",\"locationId\":\"us-central\"}","GCLOUD_PROJECT":"paraglidingweatherreno"},"runtime":"nodejs14"},"versionId":"1","updateTime":"2021-09-14T05:45:47Z","buildId":"2b78fc38-9b39-40d5-873b-577175c5b654","buildName":"projects/980837173884/locations/us-central1/builds/2b78fc38-9b39-40d5-873b-577175c5b654"}}
[debug] [2021-09-14T05:45:49.930Z] [create-projects/paraglidingweatherreno/locations/us-central1/functions/collectSource] Retrying task index 0
[debug] [2021-09-14T05:45:49.931Z] >>> [apiv2][query] GET https://cloudfunctions.googleapis.com/v1/operations/cGFyYWdsaWRpbmd3ZWF0aGVycmVuby91cy1jZW50cmFsMS9jb2xsZWN0U291cmNlL24yQ0ZLVS1wa1FF [none]
[debug] [2021-09-14T05:45:50.176Z] <<< [apiv2][status] GET https://cloudfunctions.googleapis.com/v1/operations/cGFyYWdsaWRpbmd3ZWF0aGVycmVuby91cy1jZW50cmFsMS9jb2xsZWN0U291cmNlL24yQ0ZLVS1wa1FF 200
[debug] [2021-09-14T05:45:50.177Z] <<< [apiv2][body] GET https://cloudfunctions.googleapis.com/v1/operations/cGFyYWdsaWRpbmd3ZWF0aGVycmVuby91cy1jZW50cmFsMS9jb2xsZWN0U291cmNlL24yQ0ZLVS1wa1FF {"name":"operations/cGFyYWdsaWRpbmd3ZWF0aGVycmVuby91cy1jZW50cmFsMS9jb2xsZWN0U291cmNlL24yQ0ZLVS1wa1FF","metadata":{"@type":"type.googleapis.com/google.cloud.functions.v1.OperationMetadataV1","target":"projects/paraglidingweatherreno/locations/us-central1/functions/collectSource","type":"CREATE_FUNCTION","request":{"@type":"type.googleapis.com/google.cloud.functions.v1.CloudFunction","name":"projects/paraglidingweatherreno/locations/us-central1/functions/collectSource","httpsTrigger":{"securityLevel":"SECURE_OPTIONAL"},"entryPoint":"collectSource","labels":{"deployment-tool":"cli-firebase"},"sourceUploadUrl":"https://storage.googleapis.com/gcf-upload-us-central1-e7a0fe90-730c-4f31-9a3a-800ddcb46684/cf119292-ca78-4111-9bd7-b4c4b2b9c173.zip?GoogleAccessId=service-980837173884@gcf-admin-robot.iam.gserviceaccount.com&Expires=1631600108&Signature=BLr%2FyS6ok3bbJzff68UhTmn7YnhXc1HFtp91RUwOJzhgmxUN57XVAG9B8gqGFYxBrilrOuotkgaPOqHCv5qh2qqyMkIGgHPYXbrLF6H1KS4hmkz1NolwuzV4SnVi3DYHdujV1ye%2FAZ7AHP0u2Gxp6cLZpvQNACE688dgRBAZf5QmCkRKcUnvAC8hzTUtH9JMjTBpQtny81zaO19bKWgxJtrrmJQjJY%2FFHs%2BFA234KVLxktsx7GVRyyNqQ1qfBDgfaxcVj5Bsyt4BsbINtXdyqReSBYRINPOspGta25Y3JneVmpF2hsuxMu6ak4cG9%2FTM3GU10QyxZs%2B97tQ2IWGORg%3D%3D","environmentVariables":{"FIREBASE_CONFIG":"{\"projectId\":\"paraglidingweatherreno\",\"storageBucket\":\"paraglidingweatherreno.appspot.com\",\"locationId\":\"us-central\"}","GCLOUD_PROJECT":"paraglidingweatherreno"},"runtime":"nodejs14"},"versionId":"1","updateTime":"2021-09-14T05:45:47Z","buildId":"2b78fc38-9b39-40d5-873b-577175c5b654","buildName":"projects/980837173884/locations/us-central1/builds/2b78fc38-9b39-40d5-873b-577175c5b654"}}
[debug] [2021-09-14T05:45:52.182Z] [create-projects/paraglidingweatherreno/locations/us-central1/functions/collectSource] Retrying task index 0
[debug] [2021-09-14T05:45:52.183Z] >>> [apiv2][query] GET https://cloudfunctions.googleapis.com/v1/operations/cGFyYWdsaWRpbmd3ZWF0aGVycmVuby91cy1jZW50cmFsMS9jb2xsZWN0U291cmNlL24yQ0ZLVS1wa1FF [none]
[debug] [2021-09-14T05:45:52.458Z] <<< [apiv2][status] GET https://cloudfunctions.googleapis.com/v1/operations/cGFyYWdsaWRpbmd3ZWF0aGVycmVuby91cy1jZW50cmFsMS9jb2xsZWN0U291cmNlL24yQ0ZLVS1wa1FF 200
[debug] [2021-09-14T05:45:52.458Z] <<< [apiv2][body] GET https://cloudfunctions.googleapis.com/v1/operations/cGFyYWdsaWRpbmd3ZWF0aGVycmVuby91cy1jZW50cmFsMS9jb2xsZWN0U291cmNlL24yQ0ZLVS1wa1FF {"name":"operations/cGFyYWdsaWRpbmd3ZWF0aGVycmVuby91cy1jZW50cmFsMS9jb2xsZWN0U291cmNlL24yQ0ZLVS1wa1FF","metadata":{"@type":"type.googleapis.com/google.cloud.functions.v1.OperationMetadataV1","target":"projects/paraglidingweatherreno/locations/us-central1/functions/collectSource","type":"CREATE_FUNCTION","request":{"@type":"type.googleapis.com/google.cloud.functions.v1.CloudFunction","name":"projects/paraglidingweatherreno/locations/us-central1/functions/collectSource","httpsTrigger":{"securityLevel":"SECURE_OPTIONAL"},"entryPoint":"collectSource","labels":{"deployment-tool":"cli-firebase"},"sourceUploadUrl":"https://storage.googleapis.com/gcf-upload-us-central1-e7a0fe90-730c-4f31-9a3a-800ddcb46684/cf119292-ca78-4111-9bd7-b4c4b2b9c173.zip?GoogleAccessId=service-980837173884@gcf-admin-robot.iam.gserviceaccount.com&Expires=1631600108&Signature=BLr%2FyS6ok3bbJzff68UhTmn7YnhXc1HFtp91RUwOJzhgmxUN57XVAG9B8gqGFYxBrilrOuotkgaPOqHCv5qh2qqyMkIGgHPYXbrLF6H1KS4hmkz1NolwuzV4SnVi3DYHdujV1ye%2FAZ7AHP0u2Gxp6cLZpvQNACE688dgRBAZf5QmCkRKcUnvAC8hzTUtH9JMjTBpQtny81zaO19bKWgxJtrrmJQjJY%2FFHs%2BFA234KVLxktsx7GVRyyNqQ1qfBDgfaxcVj5Bsyt4BsbINtXdyqReSBYRINPOspGta25Y3JneVmpF2hsuxMu6ak4cG9%2FTM3GU10QyxZs%2B97tQ2IWGORg%3D%3D","environmentVariables":{"FIREBASE_CONFIG":"{\"projectId\":\"paraglidingweatherreno\",\"storageBucket\":\"paraglidingweatherreno.appspot.com\",\"locationId\":\"us-central\"}","GCLOUD_PROJECT":"paraglidingweatherreno"},"runtime":"nodejs14"},"versionId":"1","updateTime":"2021-09-14T05:45:47Z","buildId":"2b78fc38-9b39-40d5-873b-577175c5b654","buildName":"projects/980837173884/locations/us-central1/builds/2b78fc38-9b39-40d5-873b-577175c5b654"}}
[debug] [2021-09-14T05:45:56.462Z] [create-projects/paraglidingweatherreno/locations/us-central1/functions/collectSource] Retrying task index 0
[debug] [2021-09-14T05:45:56.462Z] >>> [apiv2][query] GET https://cloudfunctions.googleapis.com/v1/operations/cGFyYWdsaWRpbmd3ZWF0aGVycmVuby91cy1jZW50cmFsMS9jb2xsZWN0U291cmNlL24yQ0ZLVS1wa1FF [none]
[debug] [2021-09-14T05:45:56.688Z] <<< [apiv2][status] GET https://cloudfunctions.googleapis.com/v1/operations/cGFyYWdsaWRpbmd3ZWF0aGVycmVuby91cy1jZW50cmFsMS9jb2xsZWN0U291cmNlL24yQ0ZLVS1wa1FF 200
[debug] [2021-09-14T05:45:56.688Z] <<< [apiv2][body] GET https://cloudfunctions.googleapis.com/v1/operations/cGFyYWdsaWRpbmd3ZWF0aGVycmVuby91cy1jZW50cmFsMS9jb2xsZWN0U291cmNlL24yQ0ZLVS1wa1FF {"name":"operations/cGFyYWdsaWRpbmd3ZWF0aGVycmVuby91cy1jZW50cmFsMS9jb2xsZWN0U291cmNlL24yQ0ZLVS1wa1FF","metadata":{"@type":"type.googleapis.com/google.cloud.functions.v1.OperationMetadataV1","target":"projects/paraglidingweatherreno/locations/us-central1/functions/collectSource","type":"CREATE_FUNCTION","request":{"@type":"type.googleapis.com/google.cloud.functions.v1.CloudFunction","name":"projects/paraglidingweatherreno/locations/us-central1/functions/collectSource","httpsTrigger":{"securityLevel":"SECURE_OPTIONAL"},"entryPoint":"collectSource","labels":{"deployment-tool":"cli-firebase"},"sourceUploadUrl":"https://storage.googleapis.com/gcf-upload-us-central1-e7a0fe90-730c-4f31-9a3a-800ddcb46684/cf119292-ca78-4111-9bd7-b4c4b2b9c173.zip?GoogleAccessId=service-980837173884@gcf-admin-robot.iam.gserviceaccount.com&Expires=1631600108&Signature=BLr%2FyS6ok3bbJzff68UhTmn7YnhXc1HFtp91RUwOJzhgmxUN57XVAG9B8gqGFYxBrilrOuotkgaPOqHCv5qh2qqyMkIGgHPYXbrLF6H1KS4hmkz1NolwuzV4SnVi3DYHdujV1ye%2FAZ7AHP0u2Gxp6cLZpvQNACE688dgRBAZf5QmCkRKcUnvAC8hzTUtH9JMjTBpQtny81zaO19bKWgxJtrrmJQjJY%2FFHs%2BFA234KVLxktsx7GVRyyNqQ1qfBDgfaxcVj5Bsyt4BsbINtXdyqReSBYRINPOspGta25Y3JneVmpF2hsuxMu6ak4cG9%2FTM3GU10QyxZs%2B97tQ2IWGORg%3D%3D","environmentVariables":{"FIREBASE_CONFIG":"{\"projectId\":\"paraglidingweatherreno\",\"storageBucket\":\"paraglidingweatherreno.appspot.com\",\"locationId\":\"us-central\"}","GCLOUD_PROJECT":"paraglidingweatherreno"},"runtime":"nodejs14"},"versionId":"1","updateTime":"2021-09-14T05:45:47Z","buildId":"2b78fc38-9b39-40d5-873b-577175c5b654","buildName":"projects/980837173884/locations/us-central1/builds/2b78fc38-9b39-40d5-873b-577175c5b654"}}
[debug] [2021-09-14T05:46:04.690Z] [create-projects/paraglidingweatherreno/locations/us-central1/functions/collectSource] Retrying task index 0
[debug] [2021-09-14T05:46:04.690Z] >>> [apiv2][query] GET https://cloudfunctions.googleapis.com/v1/operations/cGFyYWdsaWRpbmd3ZWF0aGVycmVuby91cy1jZW50cmFsMS9jb2xsZWN0U291cmNlL24yQ0ZLVS1wa1FF [none]
[debug] [2021-09-14T05:46:04.960Z] <<< [apiv2][status] GET https://cloudfunctions.googleapis.com/v1/operations/cGFyYWdsaWRpbmd3ZWF0aGVycmVuby91cy1jZW50cmFsMS9jb2xsZWN0U291cmNlL24yQ0ZLVS1wa1FF 200
[debug] [2021-09-14T05:46:04.960Z] <<< [apiv2][body] GET https://cloudfunctions.googleapis.com/v1/operations/cGFyYWdsaWRpbmd3ZWF0aGVycmVuby91cy1jZW50cmFsMS9jb2xsZWN0U291cmNlL24yQ0ZLVS1wa1FF {"name":"operations/cGFyYWdsaWRpbmd3ZWF0aGVycmVuby91cy1jZW50cmFsMS9jb2xsZWN0U291cmNlL24yQ0ZLVS1wa1FF","metadata":{"@type":"type.googleapis.com/google.cloud.functions.v1.OperationMetadataV1","target":"projects/paraglidingweatherreno/locations/us-central1/functions/collectSource","type":"CREATE_FUNCTION","request":{"@type":"type.googleapis.com/google.cloud.functions.v1.CloudFunction","name":"projects/paraglidingweatherreno/locations/us-central1/functions/collectSource","httpsTrigger":{"securityLevel":"SECURE_OPTIONAL"},"entryPoint":"collectSource","labels":{"deployment-tool":"cli-firebase"},"sourceUploadUrl":"https://storage.googleapis.com/gcf-upload-us-central1-e7a0fe90-730c-4f31-9a3a-800ddcb46684/cf119292-ca78-4111-9bd7-b4c4b2b9c173.zip?GoogleAccessId=service-980837173884@gcf-admin-robot.iam.gserviceaccount.com&Expires=1631600108&Signature=BLr%2FyS6ok3bbJzff68UhTmn7YnhXc1HFtp91RUwOJzhgmxUN57XVAG9B8gqGFYxBrilrOuotkgaPOqHCv5qh2qqyMkIGgHPYXbrLF6H1KS4hmkz1NolwuzV4SnVi3DYHdujV1ye%2FAZ7AHP0u2Gxp6cLZpvQNACE688dgRBAZf5QmCkRKcUnvAC8hzTUtH9JMjTBpQtny81zaO19bKWgxJtrrmJQjJY%2FFHs%2BFA234KVLxktsx7GVRyyNqQ1qfBDgfaxcVj5Bsyt4BsbINtXdyqReSBYRINPOspGta25Y3JneVmpF2hsuxMu6ak4cG9%2FTM3GU10QyxZs%2B97tQ2IWGORg%3D%3D","environmentVariables":{"FIREBASE_CONFIG":"{\"projectId\":\"paraglidingweatherreno\",\"storageBucket\":\"paraglidingweatherreno.appspot.com\",\"locationId\":\"us-central\"}","GCLOUD_PROJECT":"paraglidingweatherreno"},"runtime":"nodejs14"},"versionId":"1","updateTime":"2021-09-14T05:45:47Z","buildId":"2b78fc38-9b39-40d5-873b-577175c5b654","buildName":"projects/980837173884/locations/us-central1/builds/2b78fc38-9b39-40d5-873b-577175c5b654"}}
[debug] [2021-09-14T05:46:20.959Z] [create-projects/paraglidingweatherreno/locations/us-central1/functions/collectSource] Retrying task index 0
[debug] [2021-09-14T05:46:20.959Z] >>> [apiv2][query] GET https://cloudfunctions.googleapis.com/v1/operations/cGFyYWdsaWRpbmd3ZWF0aGVycmVuby91cy1jZW50cmFsMS9jb2xsZWN0U291cmNlL24yQ0ZLVS1wa1FF [none]
[debug] [2021-09-14T05:46:21.177Z] <<< [apiv2][status] GET https://cloudfunctions.googleapis.com/v1/operations/cGFyYWdsaWRpbmd3ZWF0aGVycmVuby91cy1jZW50cmFsMS9jb2xsZWN0U291cmNlL24yQ0ZLVS1wa1FF 200
[debug] [2021-09-14T05:46:21.178Z] <<< [apiv2][body] GET https://cloudfunctions.googleapis.com/v1/operations/cGFyYWdsaWRpbmd3ZWF0aGVycmVuby91cy1jZW50cmFsMS9jb2xsZWN0U291cmNlL24yQ0ZLVS1wa1FF {"name":"operations/cGFyYWdsaWRpbmd3ZWF0aGVycmVuby91cy1jZW50cmFsMS9jb2xsZWN0U291cmNlL24yQ0ZLVS1wa1FF","metadata":{"@type":"type.googleapis.com/google.cloud.functions.v1.OperationMetadataV1","target":"projects/paraglidingweatherreno/locations/us-central1/functions/collectSource","type":"CREATE_FUNCTION","request":{"@type":"type.googleapis.com/google.cloud.functions.v1.CloudFunction","name":"projects/paraglidingweatherreno/locations/us-central1/functions/collectSource","httpsTrigger":{"securityLevel":"SECURE_OPTIONAL"},"entryPoint":"collectSource","labels":{"deployment-tool":"cli-firebase"},"sourceUploadUrl":"https://storage.googleapis.com/gcf-upload-us-central1-e7a0fe90-730c-4f31-9a3a-800ddcb46684/cf119292-ca78-4111-9bd7-b4c4b2b9c173.zip?GoogleAccessId=service-980837173884@gcf-admin-robot.iam.gserviceaccount.com&Expires=1631600108&Signature=BLr%2FyS6ok3bbJzff68UhTmn7YnhXc1HFtp91RUwOJzhgmxUN57XVAG9B8gqGFYxBrilrOuotkgaPOqHCv5qh2qqyMkIGgHPYXbrLF6H1KS4hmkz1NolwuzV4SnVi3DYHdujV1ye%2FAZ7AHP0u2Gxp6cLZpvQNACE688dgRBAZf5QmCkRKcUnvAC8hzTUtH9JMjTBpQtny81zaO19bKWgxJtrrmJQjJY%2FFHs%2BFA234KVLxktsx7GVRyyNqQ1qfBDgfaxcVj5Bsyt4BsbINtXdyqReSBYRINPOspGta25Y3JneVmpF2hsuxMu6ak4cG9%2FTM3GU10QyxZs%2B97tQ2IWGORg%3D%3D","environmentVariables":{"FIREBASE_CONFIG":"{\"projectId\":\"paraglidingweatherreno\",\"storageBucket\":\"paraglidingweatherreno.appspot.com\",\"locationId\":\"us-central\"}","GCLOUD_PROJECT":"paraglidingweatherreno"},"runtime":"nodejs14"},"versionId":"1","updateTime":"2021-09-14T05:45:47Z","buildId":"2b78fc38-9b39-40d5-873b-577175c5b654","buildName":"projects/980837173884/locations/us-central1/builds/2b78fc38-9b39-40d5-873b-577175c5b654"}}
